GROUP,PACKAGE,CLASS,INSTRUCTION_MISSED,INSTRUCTION_COVERED,BRANCH_MISSED,BRANCH_COVERED,LINE_MISSED,LINE_COVERED,COMPLEXITY_MISSED,COMPLEXITY_COVERED,METHOD_MISSED,METHOD_COVERED
abhisu-spring-boot-api,com.abhisu.abhisu_spring_boot_api.service,WelcomeService,0,6,0,0,0,2,0,2,0,2
abhisu-spring-boot-api,com.abhisu.abhisu_spring_boot_api,AbhisuSpringBootApiApplication,0,8,0,0,0,3,0,2,0,2
abhisu-spring-boot-api,com.abhisu.abhisu_spring_boot_api.controller,HelloController,0,5,0,0,0,2,0,2,0,2
abhisu-spring-boot-api,com.abhisu.abhisu_spring_boot_api.controller,WelcomeController,0,5,0,0,0,1,0,1,0,1
